[debug] [2025-09-22T05:20:05.923Z] : 
[debug] [2025-09-22T05:20:05.925Z] : ----------------------------------------------------------------------
[debug] [2025-09-22T05:20:05.926Z] : Command:      C:\Program Files\nodejs\node.exe C:\Users\SIVARANJANI S\AppData\Roaming\npm\node_modules\zcatalyst-cli\lib\bin\catalyst.js deploy
[debug] [2025-09-22T05:20:05.926Z] : CLI Version:  1.20.2
[debug] [2025-09-22T05:20:05.927Z] : Platform:     win32
[debug] [2025-09-22T05:20:05.927Z] : Node Version: v22.15.0
[debug] [2025-09-22T05:20:05.927Z] : Time:         Mon Sep 22 2025 10:50:05 GMT+0530 (India Standard Time)
[debug] [2025-09-22T05:20:05.927Z] : ----------------------------------------------------------------------
[debug] [2025-09-22T05:20:05.927Z] : 
[debug] [2025-09-22T05:20:06.450Z] : > authorizing via signed-in user option
[debug] [2025-09-22T05:20:06.451Z] : > command requires scopes: ["ZohoCatalyst.projects.ALL","ZohoCatalyst.functions.ALL","ZohoCatalyst.webapp.ALL","ZohoCatalyst.appsail.Update"]
[debug] [2025-09-22T05:20:06.472Z] : >>>> HTTP REQUEST : GET https://api.catalyst.zoho.in/baas/v1/project/22307000000010123 

[debug] [2025-09-22T05:20:07.067Z] : <<<< HTTP RESPONSE : 200
Response Headers: {"server":"ZGS","date":"Mon, 22 Sep 2025 05:20:15 GMT","content-type":"application/vnd.catalyst.v2+json","transfer-encoding":"chunked","connection":"keep-alive","x-content-type-options":"nosniff","cache-control":"private,no-cache,no-store,max-age=0,must-revalidate","pragma":"no-cache","expires":"Thu, 01 Jan 1970 00:00:00 GMT","x-frame-options":"DENY","strict-transport-security":"max-age=64072000; includeSubDomains; preload"}

[debug] [2025-09-22T05:20:07.073Z] : >>>> HTTP REQUEST : GET https://api.catalyst.zoho.in/baas/v1/project/22307000000010123/environment 

[debug] [2025-09-22T05:20:07.265Z] : <<<< HTTP RESPONSE : 200
Response Headers: {"server":"ZGS","date":"Mon, 22 Sep 2025 05:20:16 GMT","content-type":"application/vnd.catalyst.v2+json","transfer-encoding":"chunked","connection":"keep-alive","x-content-type-options":"nosniff","cache-control":"private,no-cache,no-store,max-age=0,must-revalidate","pragma":"no-cache","expires":"Thu, 01 Jan 1970 00:00:00 GMT","x-frame-options":"DENY","strict-transport-security":"max-age=64072000; includeSubDomains; preload"}

[info] [2025-09-22T05:20:07.522Z] : i Plugin : "zcatalyst-cli-plugin-react" is used for client deploy
[info] [2025-09-22T05:20:07.522Z] : i Building Application...
[info] [2025-09-22T05:20:11.121Z] : [react-plugin]: Creating an optimized production build...
[info] [2025-09-22T05:20:13.977Z] : [react-plugin]: Compiled successfully.

[info] [2025-09-22T05:20:13.978Z] : [react-plugin]: File sizes after gzip:

[info] [2025-09-22T05:20:13.995Z] : [react-plugin]:   59.11 kB  build\static\js\main.04fdd7e1.js
[info] [2025-09-22T05:20:13.996Z] : [react-plugin]:   1.66 kB   build\static\js\453.16266181.chunk.js
[info] [2025-09-22T05:20:13.997Z] : [react-plugin]:   513 B     build\static\css\main.f855e6bc.css
[info] [2025-09-22T05:20:13.997Z] : [react-plugin]:  
[debug] [2025-09-22T05:20:14.370Z] : >>>> HTTP REQUEST : POST https://api.catalyst.zoho.in/baas/v1/project/22307000000010123/webapp 

[debug] [2025-09-22T05:20:25.084Z] : <<<< HTTP RESPONSE : 200
Response Headers: {"server":"ZGS","date":"Mon, 22 Sep 2025 05:20:33 GMT","content-type":"application/vnd.catalyst.v2+json","transfer-encoding":"chunked","connection":"keep-alive","x-content-type-options":"nosniff","cache-control":"private,no-cache,no-store,max-age=0,must-revalidate","pragma":"no-cache","expires":"Thu, 01 Jan 1970 00:00:00 GMT","x-frame-options":"DENY","strict-transport-security":"max-age=64072000; includeSubDomains; preload"}

[info] [2025-09-22T05:20:25.087Z] : 
[info] [2025-09-22T05:20:25.088Z] : √ client: deploy successful
[info] [2025-09-22T05:20:25.088Z] : i client: URL => https://noteapp-60047570323.development.catalystserverless.in/app/index.html
[info] [2025-09-22T05:20:25.088Z] : 
[info] [2025-09-22T05:20:25.089Z] : √ Catalyst deploy complete!
[debug] [2025-09-22T05:20:25.089Z] : NO ERRORS REGISTERED
[debug] [2025-09-22T05:20:25.090Z] : EXEC ENDED with event: deploy, message: success
[debug] [2025-09-22T05:20:25.090Z] : TOTAL DURATION OF COMMAND EXEC : 18659
[debug] [2025-09-22T05:20:25.101Z] : >>>> HTTP REQUEST : POST https://api.catalyst.zoho.in/baas/v1/cli/logs 
<request body omitted>

[debug] [2025-09-22T05:20:26.823Z] : <<<< HTTP RESPONSE : 200
Response Headers: {"server":"ZGS","date":"Mon, 22 Sep 2025 05:20:35 GMT","content-length":"0","connection":"keep-alive","x-content-type-options":"nosniff","cache-control":"private,no-cache,no-store,max-age=0,must-revalidate","pragma":"no-cache","expires":"Thu, 01 Jan 1970 00:00:00 GMT","x-frame-options":"DENY","strict-transport-security":"max-age=64072000; includeSubDomains; preload"}

[debug] [2025-09-22T05:21:07.222Z] : 
[debug] [2025-09-22T05:21:07.224Z] : ----------------------------------------------------------------------
[debug] [2025-09-22T05:21:07.224Z] : Command:      C:\Program Files\nodejs\node.exe C:\Users\SIVARANJANI S\AppData\Roaming\npm\node_modules\zcatalyst-cli\lib\bin\catalyst.js deploy
[debug] [2025-09-22T05:21:07.225Z] : CLI Version:  1.20.2
[debug] [2025-09-22T05:21:07.225Z] : Platform:     win32
[debug] [2025-09-22T05:21:07.225Z] : Node Version: v22.15.0
[debug] [2025-09-22T05:21:07.226Z] : Time:         Mon Sep 22 2025 10:51:07 GMT+0530 (India Standard Time)
[debug] [2025-09-22T05:21:07.226Z] : ----------------------------------------------------------------------
[debug] [2025-09-22T05:21:07.226Z] : 
[debug] [2025-09-22T05:21:07.729Z] : > authorizing via signed-in user option
[debug] [2025-09-22T05:21:07.730Z] : > command requires scopes: ["ZohoCatalyst.projects.ALL","ZohoCatalyst.functions.ALL","ZohoCatalyst.webapp.ALL","ZohoCatalyst.appsail.Update"]
[debug] [2025-09-22T05:21:07.748Z] : >>>> HTTP REQUEST : GET https://api.catalyst.zoho.in/baas/v1/project/22307000000010123 

[debug] [2025-09-22T05:21:08.306Z] : <<<< HTTP RESPONSE : 200
Response Headers: {"server":"ZGS","date":"Mon, 22 Sep 2025 05:21:17 GMT","content-type":"application/vnd.catalyst.v2+json","transfer-encoding":"chunked","connection":"keep-alive","x-content-type-options":"nosniff","cache-control":"private,no-cache,no-store,max-age=0,must-revalidate","pragma":"no-cache","expires":"Thu, 01 Jan 1970 00:00:00 GMT","x-frame-options":"DENY","strict-transport-security":"max-age=64072000; includeSubDomains; preload"}

[debug] [2025-09-22T05:21:08.312Z] : >>>> HTTP REQUEST : GET https://api.catalyst.zoho.in/baas/v1/project/22307000000010123/environment 

[debug] [2025-09-22T05:21:08.507Z] : <<<< HTTP RESPONSE : 200
Response Headers: {"server":"ZGS","date":"Mon, 22 Sep 2025 05:21:17 GMT","content-type":"application/vnd.catalyst.v2+json","transfer-encoding":"chunked","connection":"keep-alive","x-content-type-options":"nosniff","cache-control":"private,no-cache,no-store,max-age=0,must-revalidate","pragma":"no-cache","expires":"Thu, 01 Jan 1970 00:00:00 GMT","x-frame-options":"DENY","strict-transport-security":"max-age=64072000; includeSubDomains; preload"}

[info] [2025-09-22T05:21:08.674Z] : i Plugin : "zcatalyst-cli-plugin-react" is used for client deploy
[info] [2025-09-22T05:21:08.674Z] : i Building Application...
[info] [2025-09-22T05:21:11.083Z] : [react-plugin]: Creating an optimized production build...
[info] [2025-09-22T05:21:13.282Z] : [react-plugin]: Compiled successfully.

[info] [2025-09-22T05:21:13.283Z] : [react-plugin]: File sizes after gzip:

[info] [2025-09-22T05:21:13.302Z] : [react-plugin]:   59.11 kB  build\static\js\main.04fdd7e1.js
[info] [2025-09-22T05:21:13.303Z] : [react-plugin]:   1.66 kB   build\static\js\453.16266181.chunk.js
[info] [2025-09-22T05:21:13.304Z] : [react-plugin]:   513 B     build\static\css\main.f855e6bc.css
[info] [2025-09-22T05:21:13.304Z] : [react-plugin]:  
[debug] [2025-09-22T05:21:13.682Z] : >>>> HTTP REQUEST : POST https://api.catalyst.zoho.in/baas/v1/project/22307000000010123/webapp 

[debug] [2025-09-22T05:21:24.187Z] : <<<< HTTP RESPONSE : 200
Response Headers: {"server":"ZGS","date":"Mon, 22 Sep 2025 05:21:33 GMT","content-type":"application/vnd.catalyst.v2+json","transfer-encoding":"chunked","connection":"keep-alive","x-content-type-options":"nosniff","cache-control":"private,no-cache,no-store,max-age=0,must-revalidate","pragma":"no-cache","expires":"Thu, 01 Jan 1970 00:00:00 GMT","x-frame-options":"DENY","strict-transport-security":"max-age=64072000; includeSubDomains; preload"}

[info] [2025-09-22T05:21:24.192Z] : 
[info] [2025-09-22T05:21:24.193Z] : √ client: deploy successful
[info] [2025-09-22T05:21:24.194Z] : i client: URL => https://noteapp-60047570323.development.catalystserverless.in/app/index.html
[info] [2025-09-22T05:21:24.194Z] : 
[info] [2025-09-22T05:21:24.194Z] : √ Catalyst deploy complete!
[debug] [2025-09-22T05:21:24.195Z] : NO ERRORS REGISTERED
[debug] [2025-09-22T05:21:24.196Z] : EXEC ENDED with event: deploy, message: success
[debug] [2025-09-22T05:21:24.197Z] : TOTAL DURATION OF COMMAND EXEC : 16483
[debug] [2025-09-22T05:21:24.213Z] : >>>> HTTP REQUEST : POST https://api.catalyst.zoho.in/baas/v1/cli/logs 
<request body omitted>

[debug] [2025-09-22T05:21:26.080Z] : <<<< HTTP RESPONSE : 400
Response Headers: {"server":"ZGS","date":"Mon, 22 Sep 2025 05:21:35 GMT","content-type":"application/json;charset=ISO-8859-1","content-length":"148","connection":"keep-alive","x-content-type-options":"nosniff","x-frame-options":"DENY","strict-transport-security":"max-age=64072000; includeSubDomains; preload"}

[debug] [2025-09-22T05:21:26.081Z] : Response Body : {"status":"failure","data":{"error_code":"INPUT_SIZE_MORE_THAN_ALLOWED","message":"Please check if the size of the input is in the correct range"}}

[debug] [2025-09-22T05:21:26.084Z] : Unable to send debug log to server: HTTP Error: 400, Please check if the size of the input is in the correct range
